2024-06-18 14:14:59,733 INFO  [org.apache.activemq.artemis.integration.bootstrap] AMQ101000: Starting ActiveMQ Artemis Server version 2.35.0
2024-06-18 14:15:00,333 INFO  [org.apache.activemq.artemis.core.server] AMQ221000: Primary message broker is starting with configuration Broker Configuration (clustered=false,journalDirectory=data/journal,bindingsDirectory=data/bindings,largeMessagesDirectory=data/large-messages,pagingDirectory=data/paging)
2024-06-18 14:15:00,357 INFO  [org.apache.activemq.artemis.core.server] AMQ221013: Using NIO Journal
2024-06-18 14:15:00,403 INFO  [org.apache.activemq.artemis.core.server] AMQ221057: Global Max Size is being adjusted to 1/2 of the JVM max size (-Xmx). being defined as 1073741824
2024-06-18 14:15:00,424 INFO  [org.apache.activemq.artemis.core.server] AMQ221043: Protocol module found: [artemis-server]. Adding protocol support for: CORE
2024-06-18 14:15:00,425 INFO  [org.apache.activemq.artemis.core.server] AMQ221043: Protocol module found: [artemis-amqp-protocol]. Adding protocol support for: AMQP
2024-06-18 14:15:00,426 INFO  [org.apache.activemq.artemis.core.server] AMQ221043: Protocol module found: [artemis-hornetq-protocol]. Adding protocol support for: HORNETQ
2024-06-18 14:15:00,426 INFO  [org.apache.activemq.artemis.core.server] AMQ221043: Protocol module found: [artemis-mqtt-protocol]. Adding protocol support for: MQTT
2024-06-18 14:15:00,427 INFO  [org.apache.activemq.artemis.core.server] AMQ221043: Protocol module found: [artemis-openwire-protocol]. Adding protocol support for: OPENWIRE
2024-06-18 14:15:00,427 INFO  [org.apache.activemq.artemis.core.server] AMQ221043: Protocol module found: [artemis-stomp-protocol]. Adding protocol support for: STOMP
2024-06-18 14:15:00,460 INFO  [org.apache.activemq.artemis.core.server] AMQ221034: Waiting indefinitely to obtain primary lock
2024-06-18 14:15:00,460 INFO  [org.apache.activemq.artemis.core.server] AMQ221035: Primary Server Obtained primary lock
2024-06-18 14:15:00,609 INFO  [org.apache.activemq.artemis.core.server] AMQ221080: Deploying address DLQ supporting [ANYCAST]
2024-06-18 14:15:00,675 INFO  [org.apache.activemq.artemis.core.server] AMQ221003: Deploying ANYCAST queue DLQ on address DLQ
2024-06-18 14:15:00,721 INFO  [org.apache.activemq.artemis.core.server] AMQ221080: Deploying address ExpiryQueue supporting [ANYCAST]
2024-06-18 14:15:00,722 INFO  [org.apache.activemq.artemis.core.server] AMQ221003: Deploying ANYCAST queue ExpiryQueue on address ExpiryQueue
2024-06-18 14:15:01,306 INFO  [org.apache.activemq.artemis.core.server] AMQ221020: Started NIO Acceptor at 0.0.0.0:61616 for protocols [CORE,MQTT,AMQP,STOMP,HORNETQ,OPENWIRE]
2024-06-18 14:15:01,323 INFO  [org.apache.activemq.artemis.core.server] AMQ221020: Started NIO Acceptor at 0.0.0.0:5445 for protocols [HORNETQ,STOMP]
2024-06-18 14:15:01,340 INFO  [org.apache.activemq.artemis.core.server] AMQ221020: Started NIO Acceptor at 0.0.0.0:5672 for protocols [AMQP]
2024-06-18 14:15:01,353 INFO  [org.apache.activemq.artemis.core.server] AMQ221020: Started NIO Acceptor at 0.0.0.0:1883 for protocols [MQTT]
2024-06-18 14:15:01,368 INFO  [org.apache.activemq.artemis.core.server] AMQ221020: Started NIO Acceptor at 0.0.0.0:61613 for protocols [STOMP]
2024-06-18 14:15:01,370 INFO  [org.apache.activemq.artemis.core.server] AMQ221007: Server is now active
2024-06-18 14:15:01,371 INFO  [org.apache.activemq.artemis.core.server] AMQ221001: Apache ActiveMQ Artemis Message Broker version 2.35.0 [0.0.0.0, nodeID=0ed2f808-2da7-11ef-abc8-e8c829dea4d6] 
2024-06-18 14:15:01,377 INFO  [org.apache.activemq.artemis] AMQ241003: Starting embedded web server
2024-06-18 14:15:02,477 INFO  [org.apache.activemq.hawtio.branding.PluginContextListener] Initialized activemq-branding plugin
2024-06-18 14:15:04,218 INFO  [org.apache.activemq.hawtio.plugin.PluginContextListener] Initialized artemis-plugin plugin
2024-06-18 14:15:05,993 INFO  [io.hawt.HawtioContextListener] Initialising hawtio services
2024-06-18 14:15:06,001 INFO  [io.hawt.system.ConfigManager] Configuration will be discovered via system properties
2024-06-18 14:15:06,003 INFO  [io.hawt.jmx.JmxTreeWatcher] Welcome to Hawtio 2.17.7
2024-06-18 14:15:06,009 INFO  [io.hawt.web.auth.AuthenticationConfiguration] Starting hawtio authentication filter, JAAS realm: "activemq" authorized role(s): "amq" role principal classes: "org.apache.activemq.artemis.spi.core.security.jaas.RolePrincipal"
2024-06-18 14:15:06,013 INFO  [io.hawt.web.auth.LoginRedirectFilter] Hawtio loginRedirectFilter is using 1800 sec. HttpSession timeout
2024-06-18 14:15:06,032 INFO  [org.apache.activemq.artemis] AMQ241001: HTTP Server started at http://localhost:8161
2024-06-18 14:15:06,033 INFO  [org.apache.activemq.artemis] AMQ241002: Artemis Jolokia REST API available at http://localhost:8161/console/jolokia
2024-06-18 14:15:06,033 INFO  [org.apache.activemq.artemis] AMQ241004: Artemis Console available at http://localhost:8161/console
2024-06-18 14:16:53,255 INFO  [io.hawt.web.auth.LoginServlet] Hawtio login is using 1800 sec. HttpSession timeout
2024-06-18 14:16:53,791 INFO  [io.hawt.web.auth.keycloak.KeycloakServlet] Keycloak integration is disabled
2024-06-18 14:16:53,858 INFO  [io.hawt.web.proxy.ProxyServlet] Proxy servlet is disabled
2024-06-18 14:16:53,869 INFO  [io.hawt.web.servlets.JolokiaConfiguredAgentServlet] Jolokia overridden property: [key=policyLocation, value=file:/C:/Users/ww107106/Documents/Eric's_project/etc/\jolokia-access.xml]
2024-06-18 14:17:00,629 INFO  [io.hawt.web.auth.LoginServlet] Logging in user: admin
2024-06-18 14:48:54,868 INFO  [io.hawt.web.auth.SessionExpiryFilter] Expiring session due to inactivity
2024-06-18 14:48:54,868 INFO  [io.hawt.web.auth.SessionExpiryFilter] Expiring session due to inactivity
